* installing *source* package ‘Hmisc’ ...
** package ‘Hmisc’ successfully unpacked and MD5 sums checked
** libs
gcc -std=gnu99 -I/usr/share/R/include -DNDEBUG      -fpic  -g -O2 -fstack-protector-strong -Wformat -Werror=format-security -Wdate-time -D_FORTIFY_SOURCE=2 -g  -c Hmisc.c -o Hmisc.o
gfortran   -fpic  -g -O2 -fstack-protector-strong  -c cidxcn.f -o cidxcn.o
gfortran   -fpic  -g -O2 -fstack-protector-strong  -c cidxcp.f -o cidxcp.o
gfortran   -fpic  -g -O2 -fstack-protector-strong  -c hoeffd.f -o hoeffd.o
gcc -std=gnu99 -I/usr/share/R/include -DNDEBUG      -fpic  -g -O2 -fstack-protector-strong -Wformat -Werror=format-security -Wdate-time -D_FORTIFY_SOURCE=2 -g  -c init.c -o init.o
gfortran   -fpic  -g -O2 -fstack-protector-strong  -c jacklins.f -o jacklins.o
gfortran   -fpic  -g -O2 -fstack-protector-strong  -c largrec.f -o largrec.o
gcc -std=gnu99 -I/usr/share/R/include -DNDEBUG      -fpic  -g -O2 -fstack-protector-strong -Wformat -Werror=format-security -Wdate-time -D_FORTIFY_SOURCE=2 -g  -c mChoice.c -o mChoice.o
gfortran   -fpic  -g -O2 -fstack-protector-strong  -c maxempr.f -o maxempr.o
gcc -std=gnu99 -I/usr/share/R/include -DNDEBUG      -fpic  -g -O2 -fstack-protector-strong -Wformat -Werror=format-security -Wdate-time -D_FORTIFY_SOURCE=2 -g  -c nstr.c -o nstr.o
gcc -std=gnu99 -I/usr/share/R/include -DNDEBUG      -fpic  -g -O2 -fstack-protector-strong -Wformat -Werror=format-security -Wdate-time -D_FORTIFY_SOURCE=2 -g  -c ranksort.c -o ranksort.o
gfortran   -fpic  -g -O2 -fstack-protector-strong  -c rcorr.f -o rcorr.o
gcc -std=gnu99 -I/usr/share/R/include -DNDEBUG      -fpic  -g -O2 -fstack-protector-strong -Wformat -Werror=format-security -Wdate-time -D_FORTIFY_SOURCE=2 -g  -c string_box.c -o string_box.o
gfortran   -fpic  -g -O2 -fstack-protector-strong  -c wclosest.f -o wclosest.o
gcc -std=gnu99 -shared -L/usr/lib/R/lib -Wl,-Bsymbolic-functions -Wl,-z,relro -o Hmisc.so Hmisc.o cidxcn.o cidxcp.o hoeffd.o init.o jacklins.o largrec.o mChoice.o maxempr.o nstr.o ranksort.o rcorr.o string_box.o wclosest.o -lgfortran -lm -lquadmath -L/usr/lib/R/lib -lR
installing to /tmp/Rtmpo92Uog/R-lib/Hmisc/libs
** R
** inst
** preparing package for lazy loading
Warning: version 2.41.3 of ‘survival’ masked by 2.38.3 in /usr/lib/R/library
Error : package ‘survival’ 2.38.3 was found, but >= 2.40.1 is required by ‘Hmisc’
ERROR: lazy loading failed for package ‘Hmisc’
* removing ‘/tmp/Rtmpo92Uog/R-lib/Hmisc’
